<?xml version="1.0" encoding="UTF-8"?>
<!-- Generated by org.testng.reporters.JUnitReportReporter -->
<testsuite skipped="0" hostname="sramamo1" name="RestAssured.RestAssured.AppTest" tests="1" failures="0" timestamp="2021-07-05T13:58:02 IST" time="0.015" errors="0">
  <testcase name="shouldAnswerWithTrue" time="0.015" classname="RestAssured.RestAssured.AppTest"/>
  <system-out/>
</testsuite> <!-- RestAssured.RestAssured.AppTest -->
