<?xml version="1.0" encoding="UTF-8"?>
<!-- Generated by org.testng.reporters.JUnitReportReporter -->
<testsuite skipped="1" hostname="sramamo1" name="activities.Activity2" tests="3" failures="0" timestamp="2021-07-05T20:53:08 IST" time="8.838" errors="0">
  <testcase name="externalJSON" time="7.203" classname="activities.Activity2"/>
  <system-out/>
  <testcase name="getRequest" time="1.635" classname="activities.Activity2"/>
  <system-out/>
  <testcase name="deleteRequest" classname="activities.Activity2">
    <skipped/>
  </testcase> <!-- deleteRequest -->
  <system-out/>
</testsuite> <!-- activities.Activity2 -->
