<?xml version="1.0" encoding="UTF-8"?>
<!-- Generated by org.testng.reporters.JUnitReportReporter -->
<testsuite skipped="0" hostname="sramamo1" name="activities.Activity1_POST" tests="3" failures="0" timestamp="2021-07-05T19:20:54 IST" time="9.431" errors="0">
  <testcase name="postRequest" time="6.721" classname="activities.Activity1_POST"/>
  <system-out/>
  <testcase name="getRequest" time="1.346" classname="activities.Activity1_POST"/>
  <system-out/>
  <testcase name="deleteRequest" time="1.364" classname="activities.Activity1_POST"/>
  <system-out/>
</testsuite> <!-- activities.Activity1_POST -->
