<?xml version="1.0" encoding="UTF-8"?>
<!-- Generated by org.testng.reporters.JUnitReportReporter -->
<testsuite skipped="0" hostname="sramamo1" name="project.GitHub_RestAssured_Project" tests="3" failures="0" timestamp="2021-07-07T09:16:47 IST" time="8.124" errors="0">
  <testcase name="postRequest" time="6.707" classname="project.GitHub_RestAssured_Project"/>
  <system-out>
    <![CDATA[{
    "id": 54583485,
    "key": "ssh-rsa AAAAB3NzaC1yc2EAAAADAQABAAABAQCpQSr19s2QEND+HkiJPDM1F+bcoSfa/1tIjmhUGbzmTw7MmO4IFipCm470lJCAPRLjbnqtT4ydWmpsLU/JiolzrzZRKk5YcxoBVq1PhfxKgkBzC6jvaBmLKhiDus2LJNmBuANzuImXXkLCdgit+RIxBrWD5Tk2YTrbyie4OCR+AzdtDgBRF8os94uNpinVqYKM/OSUhugBvrQ70TwdL0bx1YO7BeGZnTxWltPpb33T+sSbgzz8W2hFitu/qLW/HIULIpv9Bpec1+QRK/BaUKIOEEclq7a5rMcu4ypXIN2FLp2Rw3inM0UIfDhiJAlU28XMcYeTXthKyRw+gf5IfYCv",
    "url": "https://api.github.com/user/keys/54583485",
    "title": "TestAPIKey1",
    "verified": true,
    "created_at": "2021-07-07T03:46:44Z",
    "read_only": false
}]]>
  </system-out>
  <testcase name="getRequest" time="0.709" classname="project.GitHub_RestAssured_Project"/>
  <system-out>
    <![CDATA[[
    {
        "id": 47095934,
        "key": "ssh-rsa AAAAB3NzaC1yc2EAAAADAQABAAABAQC09ehUa5wgf+GaEVyEjimUI53okXjd0hAUvGLPIqud66A+wWCor+LMJIz6wk9KVxrmQXM9eIvxpjtCVyuZZXAL5kg2Mdl53H1h5eEzsPM4Ro171KXId2D4CJRJ9/462uqzrNCY2Ip24/KsVIHn76AKxPWzHga0MVlFGFmey8guTESfSZ1bd87+kX47uXFEJqLeng08auUIsv3f8vFIm4TLbqIM48u4CEuwwCutAFuCP9rF3EyGcjtWfrttT6l+W+/CXwOFENNQ5lE0ZRkcLmeNFV3XUMphCHCIaTK5zYqFLkEUg9IcSmB7EBKW8MB7rpxFWWmftyqPPxrK1pb3FQd3",
        "url": "https://api.github.com/user/keys/47095934",
        "title": "Test",
        "verified": true,
        "created_at": "2020-10-19T10:45:20Z",
        "read_only": false
    },
    {
        "id": 54583485,
        "key": "ssh-rsa AAAAB3NzaC1yc2EAAAADAQABAAABAQCpQSr19s2QEND+HkiJPDM1F+bcoSfa/1tIjmhUGbzmTw7MmO4IFipCm470lJCAPRLjbnqtT4ydWmpsLU/JiolzrzZRKk5YcxoBVq1PhfxKgkBzC6jvaBmLKhiDus2LJNmBuANzuImXXkLCdgit+RIxBrWD5Tk2YTrbyie4OCR+AzdtDgBRF8os94uNpinVqYKM/OSUhugBvrQ70TwdL0bx1YO7BeGZnTxWltPpb33T+sSbgzz8W2hFitu/qLW/HIULIpv9Bpec1+QRK/BaUKIOEEclq7a5rMcu4ypXIN2FLp2Rw3inM0UIfDhiJAlU28XMcYeTXthKyRw+gf5IfYCv",
        "url": "https://api.github.com/user/keys/54583485",
        "title": "TestAPIKey1",
        "verified": true,
        "created_at": "2021-07-07T03:46:44Z",
        "read_only": false
    }
]]]>
  </system-out>
  <testcase name="deleteRequest" time="0.708" classname="project.GitHub_RestAssured_Project"/>
  <system-out>
    <![CDATA[]]>
  </system-out>
</testsuite> <!-- project.GitHub_RestAssured_Project -->
